{
  "stats": {
    "suites": 4,
    "tests": 4,
    "passes": 1,
    "pending": 0,
    "failures": 3,
    "start": "2026-05-27T01:14:14.451Z",
    "end": "2026-05-27T01:14:45.269Z",
    "duration": 30818,
    "testsRegistered": 17,
    "passPercent": 5.88235294117647,
    "pendingPercent": 0,
    "other": 6,
    "hasOther": true,
    "skipped": 13,
    "hasSkipped": true
  },
  "results": [
    {
      "uuid": "3e715761-3636-4d36-9136-1644bf12436b",
      "title": "",
      "fullFile": "",
      "file": "",
      "beforeHooks": [],
      "afterHooks": [],
      "tests": [],
      "suites": [
        {
          "uuid": "ba4f8231-0678-44f4-a373-ef61000d6fce",
          "title": "admin functionality test",
          "fullFile": "C:\\Users\\abdu\\Desktop\\final\\Final Project 2\\Code\\frontend\\test\\end-to-end\\TC01_admin.js",
          "file": "\\test\\end-to-end\\TC01_admin.js",
          "beforeHooks": [
            {
              "title": "\"before all\" hook in \"admin functionality test\"",
              "fullTitle": "admin functionality test \"before all\" hook in \"admin functionality test\"",
              "timedOut": false,
              "duration": 11195,
              "state": null,
              "speed": null,
              "pass": false,
              "fail": false,
              "pending": false,
              "context": null,
              "code": "driver = await new Builder().forBrowser('chrome').build();\nawait driver.get(url);\nawait driver.wait(until.elementLocated(loginPage_Logo));\nconst Email= await driver.findElement(EmailText);\nconst password= await driver.findElement(passwordText);\nawait Email.sendKeys('adminaa.doelar@example.com');\nawait password.sendKeys('password123');\nconst loginButton = await driver.findElement(loginSubmit);\nawait loginButton.click();",
              "err": {},
              "uuid": "e84f2720-6571-4475-8a95-07ed65f5fe1e",
              "parentUUID": "ba4f8231-0678-44f4-a373-ef61000d6fce",
              "isHook": true,
              "skipped": false
            }
          ],
          "afterHooks": [
            {
              "title": "\"after all\" hook in \"admin functionality test\"",
              "fullTitle": "admin functionality test \"after all\" hook in \"admin functionality test\"",
              "timedOut": false,
              "duration": 431,
              "state": null,
              "speed": null,
              "pass": false,
              "fail": false,
              "pending": false,
              "context": null,
              "code": "await driver.quit();",
              "err": {},
              "uuid": "e9baa61a-35da-47b3-a5e8-3943f25ab3eb",
              "parentUUID": "ba4f8231-0678-44f4-a373-ef61000d6fce",
              "isHook": true,
              "skipped": false
            }
          ],
          "tests": [
            {
              "title": "create new event with old date",
              "fullTitle": "admin functionality test create new event with old date",
              "timedOut": false,
              "duration": 6633,
              "state": "failed",
              "speed": null,
              "pass": false,
              "fail": true,
              "pending": false,
              "context": null,
              "code": "await driver.wait(until.elementLocated(dashBoard), 5000);\n const Dashboard =  await driver.findElement(dashBoard);\n await Dashboard.click();\n await driver.wait(until.elementLocated(logo), 5000);\n const Event_Name = await driver.findElement(name);\n await Event_Name.sendKeys('giza event');\n  await driver.wait(until.elementLocated(desctiption), 5000);\n const Description = await driver.findElement(desctiption);\n await Description.sendKeys('event located at giza pyramids first of october');\n const Date = await driver.findElement(date);\n await Date.sendKeys('06081998');\n const Time = await driver.findElement(time);\n await Time.sendKeys('1130p');\n const Location = await driver.findElement(location);\n await Location.sendKeys('end of haram 22 street 4th block');\n const submitButton =  await driver.findElement(submit);\n await submitButton.click();\n  await driver.wait(until.elementLocated(postcards), 5000);\n const postcard = await driver.findElements(postcards);\n  const postcardIsDisplayed = await postcard[0].isDisplayed();\n    \n     expect(postcardIsDisplayed).to.be.false;",
              "err": {
                "message": "AssertionError: expected true to be false",
                "estack": "AssertionError: expected true to be false\n    at Context.<anonymous> (file:///C:/Users/abdu/Desktop/final/Final%20Project%202/Code/frontend/test/end-to-end/TC01_admin.js:68:40)\n    at process.processTicksAndRejections (node:internal/process/task_queues:105:5)",
                "diff": "- true\n+ false\n"
              },
              "uuid": "603909bf-c2ea-4d5a-82a3-9c9c6aa3957d",
              "parentUUID": "ba4f8231-0678-44f4-a373-ef61000d6fce",
              "isHook": false,
              "skipped": false
            },
            {
              "title": "create new event with very far date ",
              "fullTitle": "admin functionality test create new event with very far date ",
              "timedOut": false,
              "duration": 5669,
              "state": "failed",
              "speed": null,
              "pass": false,
              "fail": true,
              "pending": false,
              "context": null,
              "code": "await driver.wait(until.elementLocated(dashBoard), 5000);\nconst Dashboard =  await driver.findElement(dashBoard);\nawait Dashboard.click();\nawait driver.wait(until.elementLocated(logo), 5000);\nconst Event_Name = await driver.findElement(name);\nawait Event_Name.sendKeys('giza event');\nawait driver.wait(until.elementLocated(desctiption), 5000);\nconst Description = await driver.findElement(desctiption);\nawait Description.sendKeys('event located at giza pyramids first of october');\nconst Date = await driver.findElement(date);\nawait Date.sendKeys('06086060');\nconst Time = await driver.findElement(time);\nawait Time.sendKeys('1130p');\nconst Location = await driver.findElement(location);\nawait Location.sendKeys('end of haram 22 street 4th block');\nconst submit=  await driver.findElement(submit);\nawait submit.click();\n await driver.wait(until.elementLocated(postcards), 5000);\nconst postcard = await driver.findElements(postcards);\nconst postcardIsDisplayed= await postcard[0].isDisplayed();\nexpect(postcardIsDisplayed).to.be.false;",
              "err": {
                "message": "ReferenceError: Cannot access 'submit' before initialization",
                "estack": "ReferenceError: Cannot access 'submit' before initialization\n    at Context.<anonymous> (file:///C:/Users/abdu/Desktop/final/Final%20Project%202/Code/frontend/test/end-to-end/TC01_admin.js:90:43)\n    at process.processTicksAndRejections (node:internal/process/task_queues:105:5)",
                "diff": null
              },
              "uuid": "ecd36b9c-aeee-4d13-9096-f4e287d4141e",
              "parentUUID": "ba4f8231-0678-44f4-a373-ef61000d6fce",
              "isHook": false,
              "skipped": false
            },
            {
              "title": "create new event with same name",
              "fullTitle": "admin functionality test create new event with same name",
              "timedOut": false,
              "duration": 6143,
              "state": "failed",
              "speed": null,
              "pass": false,
              "fail": true,
              "pending": false,
              "context": null,
              "code": "await driver.wait(until.elementLocated(dashBoard), 5000);\nconst Dashboard =  await driver.findElement(dashBoard);\nawait Dashboard.click();\nawait driver.wait(until.elementLocated(logo), 5000);\nconst Event_Name = await driver.findElement(name);\nawait Event_Name.sendKeys('giza event');\nawait driver.wait(until.elementLocated(desctiption), 5000);\nconst Description = await driver.findElement(desctiption);\nawait Description.sendKeys('event located at giza pyramids first of october');\nconst Date = await driver.findElement(date);\nawait Date.sendKeys('06081998');\nconst Time = await driver.findElement(time);\nawait Time.sendKeys('1130p');\nconst Location = await driver.findElement(location);\nawait Location.sendKeys('end of haram 22 street 4th block');\nconst submitButton =  await driver.findElement(submit);\nawait submitButton.click();\n await driver.wait(until.elementLocated(postcards), 5000);\nconst postcard = await driver.findElements(postcards);\nconst postcardIsDisplayed= await postcard[0].isDisplayed();\nexpect(postcardIsDisplayed).to.be.false;",
              "err": {
                "message": "AssertionError: expected true to be false",
                "estack": "AssertionError: expected true to be false\n    at Context.<anonymous> (file:///C:/Users/abdu/Desktop/final/Final%20Project%202/Code/frontend/test/end-to-end/TC01_admin.js:119:36)\n    at process.processTicksAndRejections (node:internal/process/task_queues:105:5)",
                "diff": "- true\n+ false\n"
              },
              "uuid": "d5eae40d-2613-429a-a772-b04f5932e3fb",
              "parentUUID": "ba4f8231-0678-44f4-a373-ef61000d6fce",
              "isHook": false,
              "skipped": false
            },
            {
              "title": "should successfuly delete event",
              "fullTitle": "admin functionality test should successfuly delete event",
              "timedOut": false,
              "duration": 691,
              "state": "passed",
              "speed": "slow",
              "pass": true,
              "fail": false,
              "pending": false,
              "context": null,
              "code": "await driver.wait(until.elementLocated(home), 5000);\n  const homeButton =  await driver.findElement(home);\n  homeButton.click();\n  await driver.wait(until.elementLocated(postcards), 5000);\n  const postcard = await driver.findElements(postcards); \n  const cardsNumber=postcard.length;\n  expect(cardsNumber).to.be.at.least(1);\n  const Delete_button = await postcard[0].findElement(By.xpath('//button[text()=\"Delete\"]'));\n   await Delete_button.click();\n   await driver.wait(until.elementLocated(postcards), 5000);\n   const cardDeleted=postcard.length\n const postcardIsDisplayed= await postcard[0].isDisplayed();\n  expect(cardsNumber).to.be.equal(cardDeleted);",
              "err": {},
              "uuid": "64a7938b-7959-4082-9e5d-cb0c95636c0a",
              "parentUUID": "ba4f8231-0678-44f4-a373-ef61000d6fce",
              "isHook": false,
              "skipped": false
            }
          ],
          "suites": [],
          "passes": [
            "64a7938b-7959-4082-9e5d-cb0c95636c0a"
          ],
          "failures": [
            "603909bf-c2ea-4d5a-82a3-9c9c6aa3957d",
            "ecd36b9c-aeee-4d13-9096-f4e287d4141e",
            "d5eae40d-2613-429a-a772-b04f5932e3fb"
          ],
          "pending": [],
          "skipped": [],
          "duration": 19136,
          "root": false,
          "rootEmpty": false,
          "_timeout": 100000
        },
        {
          "uuid": "0f7aaaa7-8bc8-4ac2-bfa3-1b70541d47f2",
          "title": "Register tests",
          "fullFile": "C:\\Users\\abdu\\Desktop\\final\\Final Project 2\\Code\\frontend\\test\\end-to-end\\TC02_Register.js",
          "file": "\\test\\end-to-end\\TC02_Register.js",
          "beforeHooks": [
            {
              "title": "\"before all\" hook in \"Register tests\"",
              "fullTitle": "Register tests \"before all\" hook in \"Register tests\"",
              "timedOut": false,
              "duration": 0,
              "state": null,
              "speed": null,
              "pass": false,
              "fail": false,
              "pending": false,
              "context": null,
              "code": "//  driver = await new Builder().forBrowser('chrome').build();",
              "err": {},
              "uuid": "a0c84e44-5907-45bd-a652-3c67cb193423",
              "parentUUID": "0f7aaaa7-8bc8-4ac2-bfa3-1b70541d47f2",
              "isHook": true,
              "skipped": false
            },
            {
              "title": "\"before each\" hook for \"should Register Successfully\"",
              "fullTitle": "Register tests \"before each\" hook for \"should Register Successfully\"",
              "timedOut": false,
              "duration": 1,
              "state": "failed",
              "speed": null,
              "pass": false,
              "fail": true,
              "pending": false,
              "context": null,
              "code": "await driver.get(url);\nawait driver.wait(until.elementLocated(registerButton), 5000);\nconst Register=await driver.findElement(registerButton);\nawait Register.click() ;\nawait driver.wait(until.elementLocated(registerLogo), 5000);",
              "err": {
                "message": "TypeError: Cannot read properties of undefined (reading 'get')",
                "estack": "TypeError: Cannot read properties of undefined (reading 'get')\n    at Context.<anonymous> (file:///C:/Users/abdu/Desktop/final/Final%20Project%202/Code/frontend/test/end-to-end/TC02_Register.js:21:18)\n    at process.processImmediate (node:internal/timers:491:21)",
                "diff": null
              },
              "uuid": "587053bb-63f6-451a-b9d1-cc476d477a65",
              "parentUUID": "0f7aaaa7-8bc8-4ac2-bfa3-1b70541d47f2",
              "isHook": true,
              "skipped": false
            }
          ],
          "afterHooks": [
            {
              "title": "\"after all\" hook for \"should display error message when leaving email empty\"",
              "fullTitle": "Register tests \"after all\" hook for \"should display error message when leaving email empty\"",
              "timedOut": false,
              "duration": 1,
              "state": "failed",
              "speed": null,
              "pass": false,
              "fail": true,
              "pending": false,
              "context": null,
              "code": "await driver.quit();",
              "err": {
                "message": "TypeError: Cannot read properties of undefined (reading 'quit')",
                "estack": "TypeError: Cannot read properties of undefined (reading 'quit')\n    at Context.<anonymous> (file:///C:/Users/abdu/Desktop/final/Final%20Project%202/Code/frontend/test/end-to-end/TC02_Register.js:31:18)\n    at process.processImmediate (node:internal/timers:491:21)",
                "diff": null
              },
              "uuid": "0ebdba50-44d0-44f0-a215-3f417357a63a",
              "parentUUID": "0f7aaaa7-8bc8-4ac2-bfa3-1b70541d47f2",
              "isHook": true,
              "skipped": false
            }
          ],
          "tests": [
            {
              "title": "should Register Successfully",
              "fullTitle": "Register tests should Register Successfully",
              "timedOut": false,
              "duration": 0,
              "state": null,
              "speed": null,
              "pass": false,
              "fail": false,
              "pending": false,
              "context": null,
              "code": "const Username= await driver.findElement(registerUsername);\nconst email= await driver.findElement(registerEmail);\nconst password=await driver.findElement(registerPassword);\nconst confirm_password=await driver.findElement(registerConfirm);\nawait Username.sendKeys('john_johnes2');\nawait email.sendKeys('john.doe234@example.com2');\nawait password.sendKeys('characters1234');\nawait confirm_password.sendKeys('characters1234');\nconst registSubmit=await driver.findElement(registerSubmit);\nawait registSubmit.click();\nawait driver.wait(until.elementLocated(loginPage_Logo), 5000);\nconst login_page= await driver.findElement(loginPage_Logo);\nconst logoDisplay=await login_page.isDisplayed();\nexpect(logoDisplay).to.be.true;",
              "err": {},
              "uuid": "150de7a2-ef88-42bb-97a8-14030146be9f",
              "parentUUID": "0f7aaaa7-8bc8-4ac2-bfa3-1b70541d47f2",
              "isHook": false,
              "skipped": true
            },
            {
              "title": "should show 'Passwords don't match!' message",
              "fullTitle": "Register tests should show 'Passwords don't match!' message",
              "timedOut": false,
              "duration": 0,
              "state": null,
              "speed": null,
              "pass": false,
              "fail": false,
              "pending": false,
              "context": null,
              "code": "const Username= await driver.findElement(registerUsername);\nconst password=await driver.findElement(registerPassword);\nconst confirm_password=await driver.findElement(registerConfirm); \nawait Username.sendKeys('john_johnes2');\nawait password.sendKeys('characters1234');\nawait confirm_password.sendKeys('characters12345');\nawait registerSubmit.click();\nlet errorElement = await driver.wait(until.elementLocated(By.css('[class=error-banner]')), 5000);\nlet errorText = await errorElement.getText();\nexpect(errorText).to.equal(\"Passwords don't match!\");",
              "err": {},
              "uuid": "80f586c3-4ef0-4f1e-bbb4-645e0c5650be",
              "parentUUID": "0f7aaaa7-8bc8-4ac2-bfa3-1b70541d47f2",
              "isHook": false,
              "skipped": true
            },
            {
              "title": "should disallow registering with same email twice",
              "fullTitle": "Register tests should disallow registering with same email twice",
              "timedOut": false,
              "duration": 0,
              "state": null,
              "speed": null,
              "pass": false,
              "fail": false,
              "pending": false,
              "context": null,
              "code": "const Username= await driver.findElement(registerUsername);\nconst email= await driver.findElement(registerEmail);\nconst password=await driver.findElement(registerPassword);\nconst confirm_password=await driver.findElement(registerConfirm);\nawait Username.sendKeys('john_johnes');\nawait email.sendKeys('john.doe234@example.com');\nawait password.sendKeys('characters1234');\nawait confirm_password.sendKeys('characters1234');\nawait registerSubmit.click();\nlet errorElement = await driver.wait(until.elementLocated(By.css('[class=error-banner]')), 5000);\nlet errorText = await errorElement.getText();\nexpect(errorText).to.equal(\"Registration failed.\");",
              "err": {},
              "uuid": "42c31175-956f-47c5-90b8-762c7231e44d",
              "parentUUID": "0f7aaaa7-8bc8-4ac2-bfa3-1b70541d47f2",
              "isHook": false,
              "skipped": true
            },
            {
              "title": "should display error message if register username less than 2 characters",
              "fullTitle": "Register tests should display error message if register username less than 2 characters",
              "timedOut": false,
              "duration": 0,
              "state": null,
              "speed": null,
              "pass": false,
              "fail": false,
              "pending": false,
              "context": null,
              "code": "const Username= await driver.findElement(registerUsername);\n    const email= await driver.findElement(registerEmail);\n    const password=await driver.findElement(registerPassword);\n    const confirm_password=await driver.findElement(registerConfirm);\n    await Username.sendKeys('a');\n    await email.sendKeys('john.john@example.com');\n    await password.sendKeys('password123');\n    await confirm_password.sendKeys('password123');\n    await registerSubmit.click();\n    let errorElement = await driver.wait(until.elementLocated(By.className('error-banner')), 5000);\n    let errorText = await errorElement.getText();\n    expect(errorText).to.equal(\"Username field must be at least 3 characters\");",
              "err": {},
              "uuid": "043b51e4-012c-4753-9716-4e052e61d90b",
              "parentUUID": "0f7aaaa7-8bc8-4ac2-bfa3-1b70541d47f2",
              "isHook": false,
              "skipped": true
            },
            {
              "title": "should display error message if register password less than 8 characters",
              "fullTitle": "Register tests should display error message if register password less than 8 characters",
              "timedOut": false,
              "duration": 0,
              "state": null,
              "speed": null,
              "pass": false,
              "fail": false,
              "pending": false,
              "context": null,
              "code": "const Username= await driver.findElement(registerUsername);\n    const email= await driver.findElement(registerEmail);\n    const password=await driver.findElement(registerPassword);\n    const confirm_password=await driver.findElement(registerConfirm);\n    await Username.sendKeys('johnes_johnes');\n    await email.sendKeys('john.doe334@example.com');\n    await password.sendKeys('pas123');\n    await confirm_password.sendKeys('pas123');\n    await registerSubmit.click();\n    let errorElement = await driver.wait(until.elementLocated(By.className('error-banner')), 5000);\n    let errorText = await errorElement.getText();\n    expect(errorText).to.equal(\"Password must be at least 8 characters long!\");",
              "err": {},
              "uuid": "a86a1c2d-9122-4f0c-aca6-d88daed4e8f1",
              "parentUUID": "0f7aaaa7-8bc8-4ac2-bfa3-1b70541d47f2",
              "isHook": false,
              "skipped": true
            },
            {
              "title": "should display error message if register password less than 3 numbers",
              "fullTitle": "Register tests should display error message if register password less than 3 numbers",
              "timedOut": false,
              "duration": 0,
              "state": null,
              "speed": null,
              "pass": false,
              "fail": false,
              "pending": false,
              "context": null,
              "code": "const Username= await driver.findElement(registerUsername);\n    const email= await driver.findElement(registerEmail);\n    const password=await driver.findElement(registerPassword);\n    const confirm_password=await driver.findElement(registerConfirm);\n    await Username.sendKeys('johnes._johnes');\n    await email.sendKeys('john.doe3345@example.com');\n    await password.sendKeys('password12');\n    await confirm_password.sendKeys('password12');\n    await registerSubmit.click();\n    let errorElement = await driver.wait(until.elementLocated(By.className('error-banner')), 5000);\n    let errorText = await errorElement.getText();\n    expect(errorText).to.equal(\"Password must have at least 3 numbers\");",
              "err": {},
              "uuid": "8d7f55b3-50a6-433f-b2a2-480f12f51f84",
              "parentUUID": "0f7aaaa7-8bc8-4ac2-bfa3-1b70541d47f2",
              "isHook": false,
              "skipped": true
            },
            {
              "title": "should display error message when leaving email empty",
              "fullTitle": "Register tests should display error message when leaving email empty",
              "timedOut": false,
              "duration": 0,
              "state": null,
              "speed": null,
              "pass": false,
              "fail": false,
              "pending": false,
              "context": null,
              "code": "const Username= await driver.findElement(registerUsername);\n    const email= await driver.findElement(registerEmail);\n    const password=await driver.findElement(registerPassword);\n    const confirm_password=await driver.findElement(registerConfirm);\n    await Username.sendKeys('johnes._johnes');\n    \n    await password.sendKeys('password12');\n    await confirm_password.sendKeys('password12');\n    await registerSubmit.click();\n    let errorElement = await driver.wait(until.elementLocated(By.className('error-banner')), 5000);\n    let errorText = await errorElement.getText();\n    expect(errorText).to.equal(\"Registration failed.\");",
              "err": {},
              "uuid": "25400862-93b8-4f51-8bae-27f6a77ee148",
              "parentUUID": "0f7aaaa7-8bc8-4ac2-bfa3-1b70541d47f2",
              "isHook": false,
              "skipped": true
            }
          ],
          "suites": [],
          "passes": [],
          "failures": [],
          "pending": [],
          "skipped": [
            "150de7a2-ef88-42bb-97a8-14030146be9f",
            "80f586c3-4ef0-4f1e-bbb4-645e0c5650be",
            "42c31175-956f-47c5-90b8-762c7231e44d",
            "043b51e4-012c-4753-9716-4e052e61d90b",
            "a86a1c2d-9122-4f0c-aca6-d88daed4e8f1",
            "8d7f55b3-50a6-433f-b2a2-480f12f51f84",
            "25400862-93b8-4f51-8bae-27f6a77ee148"
          ],
          "duration": 0,
          "root": false,
          "rootEmpty": false,
          "_timeout": 100000
        },
        {
          "uuid": "2d07a7fa-2e38-45c0-b5de-1685f077ad50",
          "title": "EMS login unit tests",
          "fullFile": "C:\\Users\\abdu\\Desktop\\final\\Final Project 2\\Code\\frontend\\test\\end-to-end\\TC03_login.js",
          "file": "\\test\\end-to-end\\TC03_login.js",
          "beforeHooks": [
            {
              "title": "\"before all\" hook in \"EMS login unit tests\"",
              "fullTitle": "EMS login unit tests \"before all\" hook in \"EMS login unit tests\"",
              "timedOut": false,
              "duration": 0,
              "state": null,
              "speed": null,
              "pass": false,
              "fail": false,
              "pending": false,
              "context": null,
              "code": "// driver = await new Builder().forBrowser('chrome').build();",
              "err": {},
              "uuid": "b005816c-8fed-4c84-9509-bad59dddfbb2",
              "parentUUID": "2d07a7fa-2e38-45c0-b5de-1685f077ad50",
              "isHook": true,
              "skipped": false
            },
            {
              "title": "\"before each\" hook for \"should login successfull (happy scenario)\"",
              "fullTitle": "EMS login unit tests \"before each\" hook for \"should login successfull (happy scenario)\"",
              "timedOut": false,
              "duration": 0,
              "state": "failed",
              "speed": null,
              "pass": false,
              "fail": true,
              "pending": false,
              "context": null,
              "code": "await driver.get(url);\nawait driver.wait(until.elementLocated(loginPage_Logo), 5000);",
              "err": {
                "message": "TypeError: Cannot read properties of undefined (reading 'get')",
                "estack": "TypeError: Cannot read properties of undefined (reading 'get')\n    at Context.<anonymous> (file:///C:/Users/abdu/Desktop/final/Final%20Project%202/Code/frontend/test/end-to-end/TC03_login.js:20:18)\n    at process.processImmediate (node:internal/timers:491:21)",
                "diff": null
              },
              "uuid": "84a1564a-684a-4b1f-92c4-3b5ce89c3951",
              "parentUUID": "2d07a7fa-2e38-45c0-b5de-1685f077ad50",
              "isHook": true,
              "skipped": false
            }
          ],
          "afterHooks": [
            {
              "title": "\"after all\" hook for \"should show \"Invalid login credentials\" warning entering invalid password  \"",
              "fullTitle": "EMS login unit tests \"after all\" hook for \"should show \"Invalid login credentials\" warning entering invalid password  \"",
              "timedOut": false,
              "duration": 1,
              "state": "failed",
              "speed": null,
              "pass": false,
              "fail": true,
              "pending": false,
              "context": null,
              "code": "await driver.quit();",
              "err": {
                "message": "TypeError: Cannot read properties of undefined (reading 'quit')",
                "estack": "TypeError: Cannot read properties of undefined (reading 'quit')\n    at Context.<anonymous> (file:///C:/Users/abdu/Desktop/final/Final%20Project%202/Code/frontend/test/end-to-end/TC03_login.js:26:18)\n    at process.processImmediate (node:internal/timers:491:21)",
                "diff": null
              },
              "uuid": "dd0a4652-ecf5-4fc7-9097-7d5fa602aeb6",
              "parentUUID": "2d07a7fa-2e38-45c0-b5de-1685f077ad50",
              "isHook": true,
              "skipped": false
            }
          ],
          "tests": [
            {
              "title": "should login successfull (happy scenario)",
              "fullTitle": "EMS login unit tests should login successfull (happy scenario)",
              "timedOut": false,
              "duration": 0,
              "state": null,
              "speed": null,
              "pass": false,
              "fail": false,
              "pending": false,
              "context": null,
              "code": "const title = await driver.getTitle();\nexpect(title).to.equal('React App');\nconst loginLogo = await driver.findElement(loginPage_Logo);\nconst loginButton = await driver.findElement(loginSubmit);\nconst email= await driver.findElement(EmailText);\nconst password=await driver.findElement(passwordText);\nawait email.sendKeys('john.doe@example.com');\nawait password.sendKeys('password123');\nawait loginButton.click();  \ndriver.wait(until.elementLocated(logOutButton));\nconst logoutbutton=await driver.findElement(logOutButton);\nconst logOutButtonDisplay= await logOutButton.isDisplayed();\nexpect(logOutButtonDisplay).to.be.true;\nconst postcard=await driver.findElements(postcards);\nexpect(postcard.length).to.be.at.least(1);",
              "err": {},
              "uuid": "4231968c-d16b-4d85-b3a8-cb759696693d",
              "parentUUID": "2d07a7fa-2e38-45c0-b5de-1685f077ad50",
              "isHook": false,
              "skipped": true
            },
            {
              "title": "should show \"Invalid login credentials\" warning entering invalid email  ",
              "fullTitle": "EMS login unit tests should show \"Invalid login credentials\" warning entering invalid email  ",
              "timedOut": false,
              "duration": 0,
              "state": null,
              "speed": null,
              "pass": false,
              "fail": false,
              "pending": false,
              "context": null,
              "code": "const email= await driver.findElement(EmailText);\n const password=await driver.findElement(passwordText);\n const loginButton = await driver.findElement(loginSubmit);\n await email.sendKeys('jo');\n await password.sendKeys('password123');\n  await driver.wait(until.elementLocated(loginButton));\n await loginButton.click(); \n await driver.wait(until.alertIsPresent(), 10000);\n let alert = await driver.switchTo().alert();\n let alertText = await alert.getText();\n expect(alertText).to.equal(\"Invalid login credentials\");\n await alert.accept();\n const logoutbutton=await driver.findElement(logOutButton);\n const logOutButtonDisplay= await logOutButton.isDisplayed();\n expect(logOutButtonDisplay).to.be.false;",
              "err": {},
              "uuid": "0b902d01-6534-49e1-a979-d7e3683bc46d",
              "parentUUID": "2d07a7fa-2e38-45c0-b5de-1685f077ad50",
              "isHook": false,
              "skipped": true
            },
            {
              "title": "should show \"Invalid login credentials\" warning entering invalid password  ",
              "fullTitle": "EMS login unit tests should show \"Invalid login credentials\" warning entering invalid password  ",
              "timedOut": false,
              "duration": 0,
              "state": null,
              "speed": null,
              "pass": false,
              "fail": false,
              "pending": false,
              "context": null,
              "code": "const email= await driver.findElement(EmailText);\n const password=await driver.findElement(passwordText);\n const loginButton = await driver.findElement(loginSubmit);\n await email.sendKeys('john.doe@example.com');\n await password.sendKeys('pas');\n await loginButton.click(); \n await driver.wait(until.alertIsPresent(), 10000);\n let alert = await driver.switchTo().alert();\n let alertText = await alert.getText();\n expect(alertText).to.equal(\"Invalid login credentials\");\n await alert.accept();\n const logoutButtons = await driver.findElements(logOutButton);\n expect(logoutButtons.length).to.equal(0);",
              "err": {},
              "uuid": "0eb2639d-8ac8-4aa5-8933-797c254aea48",
              "parentUUID": "2d07a7fa-2e38-45c0-b5de-1685f077ad50",
              "isHook": false,
              "skipped": true
            }
          ],
          "suites": [],
          "passes": [],
          "failures": [],
          "pending": [],
          "skipped": [
            "4231968c-d16b-4d85-b3a8-cb759696693d",
            "0b902d01-6534-49e1-a979-d7e3683bc46d",
            "0eb2639d-8ac8-4aa5-8933-797c254aea48"
          ],
          "duration": 0,
          "root": false,
          "rootEmpty": false,
          "_timeout": 100000
        },
        {
          "uuid": "83997c9b-7ffc-498d-8ba9-e943d0764bcb",
          "title": "RSVP functionality",
          "fullFile": "C:\\Users\\abdu\\Desktop\\final\\Final Project 2\\Code\\frontend\\test\\end-to-end\\TC04_User.js",
          "file": "\\test\\end-to-end\\TC04_User.js",
          "beforeHooks": [
            {
              "title": "\"before all\" hook for \" should test RSVP Button is clickable \"",
              "fullTitle": "RSVP functionality \"before all\" hook for \" should test RSVP Button is clickable \"",
              "timedOut": false,
              "duration": 1,
              "state": "failed",
              "speed": null,
              "pass": false,
              "fail": true,
              "pending": false,
              "context": null,
              "code": "//  driver = await new Builder().forBrowser('chrome').build();\n  await driver.get(url);\n  await driver.wait(until.elementLocated(loginPage_Logo), 5000);\n  const login = await driver.findElement(loginSubmit);\n  const email= await driver.findElement(EmailText);\n  const password=await driver.findElement(passwordText);\n  await email.sendKeys('john.doe@example.com');\n  await password.sendKeys('password123');\n  await login.click();  \n await driver.wait(until.elementLocated(postcards), 5000);",
              "err": {
                "message": "TypeError: Cannot read properties of undefined (reading 'get')",
                "estack": "TypeError: Cannot read properties of undefined (reading 'get')\n    at Context.<anonymous> (file:///C:/Users/abdu/Desktop/final/Final%20Project%202/Code/frontend/test/end-to-end/TC04_User.js:18:20)\n    at process.processImmediate (node:internal/timers:491:21)",
                "diff": null
              },
              "uuid": "1ce8de81-efd1-413c-b475-d3b8f254a79b",
              "parentUUID": "83997c9b-7ffc-498d-8ba9-e943d0764bcb",
              "isHook": true,
              "skipped": false
            },
            {
              "title": "\"before each\" hook",
              "fullTitle": "RSVP functionality \"before each\" hook",
              "timedOut": false,
              "duration": 0,
              "state": null,
              "speed": null,
              "pass": false,
              "fail": false,
              "pending": false,
              "context": null,
              "code": "await driver.wait(until.elementLocated(postcards), 5000);",
              "err": {},
              "uuid": "5a1a73a0-0b36-4a2d-8a2f-c632a280064d",
              "parentUUID": "83997c9b-7ffc-498d-8ba9-e943d0764bcb",
              "isHook": true,
              "skipped": false
            }
          ],
          "afterHooks": [
            {
              "title": "\"after all\" hook for \"should validate Event description is visible\"",
              "fullTitle": "RSVP functionality \"after all\" hook for \"should validate Event description is visible\"",
              "timedOut": false,
              "duration": 1,
              "state": "failed",
              "speed": null,
              "pass": false,
              "fail": true,
              "pending": false,
              "context": null,
              "code": "await driver.quit();",
              "err": {
                "message": "TypeError: Cannot read properties of undefined (reading 'quit')",
                "estack": "TypeError: Cannot read properties of undefined (reading 'quit')\n    at Context.<anonymous> (file:///C:/Users/abdu/Desktop/final/Final%20Project%202/Code/frontend/test/end-to-end/TC04_User.js:35:20)\n    at process.processImmediate (node:internal/timers:491:21)",
                "diff": null
              },
              "uuid": "be3d2920-f2af-42e8-922b-5c88082bd06c",
              "parentUUID": "83997c9b-7ffc-498d-8ba9-e943d0764bcb",
              "isHook": true,
              "skipped": false
            }
          ],
          "tests": [
            {
              "title": " should test RSVP Button is clickable ",
              "fullTitle": "RSVP functionality  should test RSVP Button is clickable ",
              "timedOut": false,
              "duration": 0,
              "state": null,
              "speed": null,
              "pass": false,
              "fail": false,
              "pending": false,
              "context": null,
              "code": "const postcard=await driver.findElements(postcards);\nconst firstCardRSVPbUTTON=await postcard[0].findElement(RSVPbutton);\nawait firstCardRSVPbUTTON.click(); \n     await driver.wait(\n    async () => {\nconst messages = await postcard[0].findElements(cardRSVPED);\nreturn messages.length > 0;\n    }, \n    5000,\n    \"RSVP message did not appear within 5 seconds\"\n  );\nconst RSVP_Message = await postcard[0].findElement(cardRSVPED);\nconst RSVP_button=await postcard[0].findElements(RSVPbutton);\nconst messageIsDisplayed = await RSVP_Message.isDisplayed();\n     \nexpect(messageIsDisplayed).to.be.true;\nexpect(RSVP_button.length).to.equal(0);",
              "err": {},
              "uuid": "0f762641-57c3-495f-93d5-fef19ecce0b7",
              "parentUUID": "83997c9b-7ffc-498d-8ba9-e943d0764bcb",
              "isHook": false,
              "skipped": true
            },
            {
              "title": "should validate date of Event",
              "fullTitle": "RSVP functionality should validate date of Event",
              "timedOut": false,
              "duration": 0,
              "state": null,
              "speed": null,
              "pass": false,
              "fail": false,
              "pending": false,
              "context": null,
              "code": "const dateText = await driver.findElements(By.xpath('//div[contains(@class, \"MuiCard-root\")]//h6[2]'));\n//  Convert strings to Date objects\n\nconst cutoffDate = new Date('2025-12-31');\nconst futureDate = new Date('2030-12-31');\nfor(let i =0;i<dateText.length;i++){\nconst date =await dateText[i].getText();\nconst actualDate = new Date(date);\nexpect(actualDate.getTime()).to.be.above(cutoffDate.getTime());\nexpect(actualDate.getTime()).to.be.below(futureDate.getTime());\n}",
              "err": {},
              "uuid": "4cbf4dce-b93e-4dea-b7df-d935b07b5893",
              "parentUUID": "83997c9b-7ffc-498d-8ba9-e943d0764bcb",
              "isHook": false,
              "skipped": true
            },
            {
              "title": "should validate Event description is visible",
              "fullTitle": "RSVP functionality should validate Event description is visible",
              "timedOut": false,
              "duration": 0,
              "state": null,
              "speed": null,
              "pass": false,
              "fail": false,
              "pending": false,
              "context": null,
              "code": "const eventDescription = await driver.findElements(By.xpath('//div[contains(@class, \"MuiCard-root\")]//p[1]'));\nfor(let i=0;i<eventDescription.length;i++){\n  const eventDisplayed = await eventDescription[i].isDisplayed();\n  expect(eventDisplayed).to.be.true;\n}",
              "err": {},
              "uuid": "3fcbe428-ff4e-4b20-bc7b-6e2a2df19e63",
              "parentUUID": "83997c9b-7ffc-498d-8ba9-e943d0764bcb",
              "isHook": false,
              "skipped": true
            }
          ],
          "suites": [],
          "passes": [],
          "failures": [],
          "pending": [],
          "skipped": [
            "0f762641-57c3-495f-93d5-fef19ecce0b7",
            "4cbf4dce-b93e-4dea-b7df-d935b07b5893",
            "3fcbe428-ff4e-4b20-bc7b-6e2a2df19e63"
          ],
          "duration": 0,
          "root": false,
          "rootEmpty": false,
          "_timeout": 100000
        }
      ],
      "passes": [],
      "failures": [],
      "pending": [],
      "skipped": [],
      "duration": 0,
      "root": true,
      "rootEmpty": true,
      "_timeout": 100000
    }
  ],
  "meta": {
    "mocha": {
      "version": "11.7.1"
    },
    "mochawesome": {
      "options": {
        "quiet": false,
        "reportFilename": "index",
        "saveHtml": true,
        "saveJson": true,
        "consoleReporter": "spec",
        "useInlineDiffs": false,
        "code": true
      },
      "version": "7.1.4"
    },
    "marge": {
      "options": {
        "reportDir": "mochawesome-report",
        "reportFilename": "index"
      },
      "version": "6.3.2"
    }
  }
}