{
  "stats": {
    "suites": 4,
    "tests": 10,
    "passes": 3,
    "pending": 0,
    "failures": 7,
    "start": "2026-06-05T23:50:17.633Z",
    "end": "2026-06-05T23:51:26.924Z",
    "duration": 69291,
    "testsRegistered": 17,
    "passPercent": 17.647058823529413,
    "pendingPercent": 0,
    "other": 1,
    "hasOther": true,
    "skipped": 7,
    "hasSkipped": true
  },
  "results": [
    {
      "uuid": "f7608f42-1558-4328-b2a2-4c428c283031",
      "title": "",
      "fullFile": "",
      "file": "",
      "beforeHooks": [],
      "afterHooks": [],
      "tests": [],
      "suites": [
        {
          "uuid": "73d8abd1-5b86-4d06-b550-a9e303fc01d3",
          "title": "admin functionality test",
          "fullFile": "C:\\Users\\abdu\\Desktop\\event project\\Frontend\\test\\end-to-end\\TC01_admin.js",
          "file": "\\test\\end-to-end\\TC01_admin.js",
          "beforeHooks": [
            {
              "title": "\"before all\" hook in \"admin functionality test\"",
              "fullTitle": "admin functionality test \"before all\" hook in \"admin functionality test\"",
              "timedOut": false,
              "duration": 10357,
              "state": null,
              "speed": null,
              "pass": false,
              "fail": false,
              "pending": false,
              "context": null,
              "code": "driver = await new Builder().forBrowser('chrome').build();\nawait driver.get(url);\nawait driver.wait(until.elementLocated(loginPage_Logo));\nconst Email= await driver.findElement(EmailText);\nconst password= await driver.findElement(passwordText);\nawait Email.sendKeys('adminaa.doelar@example.com');\nawait password.sendKeys('password123');\nconst loginButton = await driver.findElement(loginSubmit);\nawait loginButton.click();",
              "err": {},
              "uuid": "aaf10bf3-a5f1-4ebf-af58-9c682d6d03ce",
              "parentUUID": "73d8abd1-5b86-4d06-b550-a9e303fc01d3",
              "isHook": true,
              "skipped": false
            }
          ],
          "afterHooks": [
            {
              "title": "\"after all\" hook in \"admin functionality test\"",
              "fullTitle": "admin functionality test \"after all\" hook in \"admin functionality test\"",
              "timedOut": false,
              "duration": 318,
              "state": null,
              "speed": null,
              "pass": false,
              "fail": false,
              "pending": false,
              "context": null,
              "code": "await driver.quit();",
              "err": {},
              "uuid": "a36329a5-b9a0-4130-8811-63a978336809",
              "parentUUID": "73d8abd1-5b86-4d06-b550-a9e303fc01d3",
              "isHook": true,
              "skipped": false
            }
          ],
          "tests": [
            {
              "title": "create new event with old date",
              "fullTitle": "admin functionality test create new event with old date",
              "timedOut": false,
              "duration": 6711,
              "state": "failed",
              "speed": null,
              "pass": false,
              "fail": true,
              "pending": false,
              "context": null,
              "code": "await driver.wait(until.elementLocated(dashBoard), 5000);\n const Dashboard =  await driver.findElement(dashBoard);\n await Dashboard.click();\n await driver.wait(until.elementLocated(logo), 5000);\n const Event_Name = await driver.findElement(name);\n await Event_Name.sendKeys('giza event');\n  await driver.wait(until.elementLocated(desctiption), 5000);\n const Description = await driver.findElement(desctiption);\n await Description.sendKeys('event located at giza pyramids first of october');\n const Date = await driver.findElement(date);\n await Date.sendKeys('06081998');\n const Time = await driver.findElement(time);\n await Time.sendKeys('1130p');\n const Location = await driver.findElement(location);\n await Location.sendKeys('end of haram 22 street 4th block');\n const submitButton =  await driver.findElement(submit);\n await submitButton.click();\n  await driver.wait(until.elementLocated(postcards), 5000);\n const postcard = await driver.findElements(postcards);\n  const postcardIsDisplayed = await postcard[0].isDisplayed();\n    \n     expect(postcardIsDisplayed).to.be.false;",
              "err": {
                "message": "AssertionError: expected true to be false",
                "estack": "AssertionError: expected true to be false\n    at Context.<anonymous> (file:///C:/Users/abdu/Desktop/event%20project/Frontend/test/end-to-end/TC01_admin.js:68:40)\n    at process.processTicksAndRejections (node:internal/process/task_queues:105:5)",
                "diff": "- true\n+ false\n"
              },
              "uuid": "548eeaf8-bdb4-41a1-b649-c70cdc1b53ce",
              "parentUUID": "73d8abd1-5b86-4d06-b550-a9e303fc01d3",
              "isHook": false,
              "skipped": false
            },
            {
              "title": "create new event with very far date ",
              "fullTitle": "admin functionality test create new event with very far date ",
              "timedOut": false,
              "duration": 5112,
              "state": "failed",
              "speed": null,
              "pass": false,
              "fail": true,
              "pending": false,
              "context": null,
              "code": "await driver.wait(until.elementLocated(dashBoard), 5000);\nconst Dashboard =  await driver.findElement(dashBoard);\nawait Dashboard.click();\nawait driver.wait(until.elementLocated(logo), 5000);\nconst Event_Name = await driver.findElement(name);\nawait Event_Name.sendKeys('giza event');\nawait driver.wait(until.elementLocated(desctiption), 5000);\nconst Description = await driver.findElement(desctiption);\nawait Description.sendKeys('event located at giza pyramids first of october');\nconst Date = await driver.findElement(date);\nawait Date.sendKeys('06086060');\nconst Time = await driver.findElement(time);\nawait Time.sendKeys('1130p');\nconst Location = await driver.findElement(location);\nawait Location.sendKeys('end of haram 22 street 4th block');\nconst submitButton=  await driver.findElement(submit);\nawait submit.click();\n await driver.wait(until.elementLocated(postcards), 5000);\nawait driver.sleep(1000); \nconst postcardList = await driver.findElements(postcards);\nconst postcardIsDisplayed= await postcard[0].isDisplayed();\nexpect(postcardIsDisplayed).to.be.false;",
              "err": {
                "message": "TypeError: submit.click is not a function",
                "estack": "TypeError: submit.click is not a function\n    at Context.<anonymous> (file:///C:/Users/abdu/Desktop/event%20project/Frontend/test/end-to-end/TC01_admin.js:91:16)\n    at process.processTicksAndRejections (node:internal/process/task_queues:105:5)",
                "diff": null
              },
              "uuid": "3bb013f3-e778-447d-8b81-8a9da164a4a6",
              "parentUUID": "73d8abd1-5b86-4d06-b550-a9e303fc01d3",
              "isHook": false,
              "skipped": false
            },
            {
              "title": "create new event with same name",
              "fullTitle": "admin functionality test create new event with same name",
              "timedOut": false,
              "duration": 5545,
              "state": "failed",
              "speed": null,
              "pass": false,
              "fail": true,
              "pending": false,
              "context": null,
              "code": "await driver.wait(until.elementLocated(dashBoard), 5000);\nconst Dashboard =  await driver.findElement(dashBoard);\nawait Dashboard.click();\nawait driver.wait(until.elementLocated(logo), 5000);\nconst Event_Name = await driver.findElement(name);\nawait Event_Name.sendKeys('giza event');\nawait driver.wait(until.elementLocated(desctiption), 5000);\nconst Description = await driver.findElement(desctiption);\nawait Description.sendKeys('event located at giza pyramids first of october');\nconst Date = await driver.findElement(date);\nawait Date.sendKeys('06081998');\nconst Time = await driver.findElement(time);\nawait Time.sendKeys('1130p');\nconst Location = await driver.findElement(location);\nawait Location.sendKeys('end of haram 22 street 4th block');\nconst submitButton =  await driver.findElement(submit);\nawait submitButton.click();\n await driver.wait(until.elementLocated(postcards), 5000);\nconst postcard = await driver.findElements(postcards);\nconst postcardIsDisplayed= await postcard[0].isDisplayed();\nexpect(postcardIsDisplayed).to.be.false;",
              "err": {
                "message": "AssertionError: expected true to be false",
                "estack": "AssertionError: expected true to be false\n    at Context.<anonymous> (file:///C:/Users/abdu/Desktop/event%20project/Frontend/test/end-to-end/TC01_admin.js:120:36)\n    at process.processTicksAndRejections (node:internal/process/task_queues:105:5)",
                "diff": "- true\n+ false\n"
              },
              "uuid": "a89bce94-8cfa-4763-b88d-68c458125f23",
              "parentUUID": "73d8abd1-5b86-4d06-b550-a9e303fc01d3",
              "isHook": false,
              "skipped": false
            },
            {
              "title": "should successfuly delete event",
              "fullTitle": "admin functionality test should successfuly delete event",
              "timedOut": false,
              "duration": 842,
              "state": "passed",
              "speed": "slow",
              "pass": true,
              "fail": false,
              "pending": false,
              "context": null,
              "code": "await driver.wait(until.elementLocated(home), 5000);\n  const homeButton =  await driver.findElement(home);\n  homeButton.click();\n  await driver.wait(until.elementLocated(postcards), 5000);\n  const postcard = await driver.findElements(postcards); \n  const cardsNumber=postcard.length;\n  expect(cardsNumber).to.be.at.least(1);\n  const Delete_button = await postcard[0].findElement(By.xpath('//button[text()=\"Delete\"]'));\n   await Delete_button.click();\n   await driver.wait(until.elementLocated(postcards), 5000);\n   const cardDeleted=postcard.length\n const postcardIsDisplayed= await postcard[0].isDisplayed();\n  expect(cardsNumber).to.be.equal(cardDeleted);",
              "err": {},
              "uuid": "c4e1df77-6b40-4421-bc26-a22f2da0ebb8",
              "parentUUID": "73d8abd1-5b86-4d06-b550-a9e303fc01d3",
              "isHook": false,
              "skipped": false
            }
          ],
          "suites": [],
          "passes": [
            "c4e1df77-6b40-4421-bc26-a22f2da0ebb8"
          ],
          "failures": [
            "548eeaf8-bdb4-41a1-b649-c70cdc1b53ce",
            "3bb013f3-e778-447d-8b81-8a9da164a4a6",
            "a89bce94-8cfa-4763-b88d-68c458125f23"
          ],
          "pending": [],
          "skipped": [],
          "duration": 18210,
          "root": false,
          "rootEmpty": false,
          "_timeout": 100000
        },
        {
          "uuid": "b6085a39-48f9-4024-9622-1f2110757e7e",
          "title": "Register tests",
          "fullFile": "C:\\Users\\abdu\\Desktop\\event project\\Frontend\\test\\end-to-end\\TC02_Register.js",
          "file": "\\test\\end-to-end\\TC02_Register.js",
          "beforeHooks": [
            {
              "title": "\"before all\" hook in \"Register tests\"",
              "fullTitle": "Register tests \"before all\" hook in \"Register tests\"",
              "timedOut": false,
              "duration": 2599,
              "state": null,
              "speed": null,
              "pass": false,
              "fail": false,
              "pending": false,
              "context": null,
              "code": "driver = await new Builder().forBrowser('chrome').build();",
              "err": {},
              "uuid": "e3f76296-c0aa-48ed-970e-35a079fc3210",
              "parentUUID": "b6085a39-48f9-4024-9622-1f2110757e7e",
              "isHook": true,
              "skipped": false
            },
            {
              "title": "\"before each\" hook for \"should Register Successfully\"",
              "fullTitle": "Register tests \"before each\" hook for \"should Register Successfully\"",
              "timedOut": false,
              "duration": 9956,
              "state": "failed",
              "speed": null,
              "pass": false,
              "fail": true,
              "pending": false,
              "context": null,
              "code": "await driver.get(url);\nawait driver.wait(until.elementLocated(registerButton), 5000);\nconst Register=await driver.findElement(registerButton);\n await driver.wait(until.elementLocated(Register), 5000);\nawait Register.click() ;\nawait driver.wait(until.elementLocated(registerLogo), 5000);",
              "err": {
                "message": "TimeoutError: Waiting for element to be located By(link text, Register)\nWait timed out after 5030ms",
                "estack": "TimeoutError: Waiting for element to be located By(link text, Register)\nWait timed out after 5030ms\n    at C:\\Users\\abdu\\Desktop\\event project\\Frontend\\node_modules\\selenium-webdriver\\lib\\webdriver.js:929:22\n    at process.processTicksAndRejections (node:internal/process/task_queues:105:5)",
                "diff": null
              },
              "uuid": "f4b39b03-cdde-4591-9cf1-2615e9cb121c",
              "parentUUID": "b6085a39-48f9-4024-9622-1f2110757e7e",
              "isHook": true,
              "skipped": false
            }
          ],
          "afterHooks": [
            {
              "title": "\"after all\" hook in \"Register tests\"",
              "fullTitle": "Register tests \"after all\" hook in \"Register tests\"",
              "timedOut": false,
              "duration": 332,
              "state": null,
              "speed": null,
              "pass": false,
              "fail": false,
              "pending": false,
              "context": null,
              "code": "await driver.quit();",
              "err": {},
              "uuid": "f057e3cf-5fe6-4a0e-9611-3ecedb5b08ca",
              "parentUUID": "b6085a39-48f9-4024-9622-1f2110757e7e",
              "isHook": true,
              "skipped": false
            }
          ],
          "tests": [
            {
              "title": "should Register Successfully",
              "fullTitle": "Register tests should Register Successfully",
              "timedOut": false,
              "duration": 0,
              "state": null,
              "speed": null,
              "pass": false,
              "fail": false,
              "pending": false,
              "context": null,
              "code": "driver.wait(until.elementLocated(registerUsername),5000);\n    const Username= await driver.findElement(registerUsername);\n    const email= await driver.findElement(registerEmail);\n    const password=await driver.findElement(registerPassword);\n    const confirm_password=await driver.findElement(registerConfirm);\n    driver.wait(until.elementLocated(Username),5000);\n    await Username.sendKeys('john_johnes2');\n    driver.wait(until.elementLocated(email),5000);\n    await email.sendKeys('john.doe234@example.com2');\ndriver.wait(until.elementLocated(password),5000);\n    await password.sendKeys('characters1234');\n    driver.wait(until.elementLocated(confirm_password),5000);\n    await confirm_password.sendKeys('characters1234');\n    driver.wait(until.elementLocated(registerSubmit),5000);\n    const registSubmit=await driver.findElement(registerSubmit);\n    await registSubmit.click();\n    await driver.wait(until.elementLocated(loginPage_Logo), 5000);\n    const login_page= await driver.findElement(loginPage_Logo);\n    const logoDisplay=await login_page.isDisplayed();\n    expect(logoDisplay).to.be.true;",
              "err": {},
              "uuid": "78360ec7-7912-4de4-ba03-3481b786308e",
              "parentUUID": "b6085a39-48f9-4024-9622-1f2110757e7e",
              "isHook": false,
              "skipped": true
            },
            {
              "title": "should show 'Passwords don't match!' message",
              "fullTitle": "Register tests should show 'Passwords don't match!' message",
              "timedOut": false,
              "duration": 0,
              "state": null,
              "speed": null,
              "pass": false,
              "fail": false,
              "pending": false,
              "context": null,
              "code": "driver.wait(until.elementLocated(registerUsername),5000);\nconst Username= await driver.findElement(registerUsername);\nconst password=await driver.findElement(registerPassword);\nconst confirm_password=await driver.findElement(registerConfirm); \ndriver.wait(until.elementLocated(Username),5000);\nawait Username.sendKeys('john_johnes2');\ndriver.wait(until.elementLocated(password),5000);\nawait password.sendKeys('characters1234');\nawait confirm_password.sendKeys('characters12345');\ndriver.wait(until.elementLocated(registerSubmit),5000);\nawait registerSubmit.click();\nlet errorElement = await driver.wait(until.elementLocated(By.css('[class=error-banner]')), 5000);\nlet errorText = await errorElement.getText();\nexpect(errorText).to.equal(\"Passwords don't match!\");",
              "err": {},
              "uuid": "17bbc375-6ffb-4400-9977-5a033b5e8605",
              "parentUUID": "b6085a39-48f9-4024-9622-1f2110757e7e",
              "isHook": false,
              "skipped": true
            },
            {
              "title": "should disallow registering with same email twice",
              "fullTitle": "Register tests should disallow registering with same email twice",
              "timedOut": false,
              "duration": 0,
              "state": null,
              "speed": null,
              "pass": false,
              "fail": false,
              "pending": false,
              "context": null,
              "code": "const Username= await driver.findElement(registerUsername);\nconst email= await driver.findElement(registerEmail);\nconst password=await driver.findElement(registerPassword);\nconst confirm_password=await driver.findElement(registerConfirm);\nawait Username.sendKeys('john_johnes');\nawait email.sendKeys('john.doe234@example.com');\nawait password.sendKeys('characters1234');\nawait confirm_password.sendKeys('characters1234');\nawait registerSubmit.click();\nlet errorElement = await driver.wait(until.elementLocated(By.css('[class=error-banner]')), 5000);\nlet errorText = await errorElement.getText();\nexpect(errorText).to.equal(\"Registration failed.\");",
              "err": {},
              "uuid": "79fdd925-49f8-4065-946c-e81b4259a918",
              "parentUUID": "b6085a39-48f9-4024-9622-1f2110757e7e",
              "isHook": false,
              "skipped": true
            },
            {
              "title": "should display error message if register username less than 2 characters",
              "fullTitle": "Register tests should display error message if register username less than 2 characters",
              "timedOut": false,
              "duration": 0,
              "state": null,
              "speed": null,
              "pass": false,
              "fail": false,
              "pending": false,
              "context": null,
              "code": "const Username= await driver.findElement(registerUsername);\n    const email= await driver.findElement(registerEmail);\n    const password=await driver.findElement(registerPassword);\n    const confirm_password=await driver.findElement(registerConfirm);\n    await Username.sendKeys('a');\n    await email.sendKeys('john.john@example.com');\n    await password.sendKeys('password123');\n    await confirm_password.sendKeys('password123');\n    await registerSubmit.click();\n    let errorElement = await driver.wait(until.elementLocated(By.className('error-banner')), 5000);\n    let errorText = await errorElement.getText();\n    expect(errorText).to.equal(\"Username field must be at least 3 characters\");",
              "err": {},
              "uuid": "c4a33f94-5b57-4b7b-a06e-3bc3e823eba6",
              "parentUUID": "b6085a39-48f9-4024-9622-1f2110757e7e",
              "isHook": false,
              "skipped": true
            },
            {
              "title": "should display error message if register password less than 8 characters",
              "fullTitle": "Register tests should display error message if register password less than 8 characters",
              "timedOut": false,
              "duration": 0,
              "state": null,
              "speed": null,
              "pass": false,
              "fail": false,
              "pending": false,
              "context": null,
              "code": "const Username= await driver.findElement(registerUsername);\n    const email= await driver.findElement(registerEmail);\n    const password=await driver.findElement(registerPassword);\n    const confirm_password=await driver.findElement(registerConfirm);\n    await Username.sendKeys('johnes_johnes');\n    await email.sendKeys('john.doe334@example.com');\n    await password.sendKeys('pas123');\n    await confirm_password.sendKeys('pas123');\n    await registerSubmit.click();\n    let errorElement = await driver.wait(until.elementLocated(By.className('error-banner')), 5000);\n    let errorText = await errorElement.getText();\n    expect(errorText).to.equal(\"Password must be at least 8 characters long!\");",
              "err": {},
              "uuid": "82e152bb-5240-4659-be10-9e3e687f3242",
              "parentUUID": "b6085a39-48f9-4024-9622-1f2110757e7e",
              "isHook": false,
              "skipped": true
            },
            {
              "title": "should display error message if register password less than 3 numbers",
              "fullTitle": "Register tests should display error message if register password less than 3 numbers",
              "timedOut": false,
              "duration": 0,
              "state": null,
              "speed": null,
              "pass": false,
              "fail": false,
              "pending": false,
              "context": null,
              "code": "const Username= await driver.findElement(registerUsername);\n    const email= await driver.findElement(registerEmail);\n    const password=await driver.findElement(registerPassword);\n    const confirm_password=await driver.findElement(registerConfirm);\n    await Username.sendKeys('johnes._johnes');\n    await email.sendKeys('john.doe3345@example.com');\n    await password.sendKeys('password12');\n    await confirm_password.sendKeys('password12');\n    await registerSubmit.click();\n    let errorElement = await driver.wait(until.elementLocated(By.className('error-banner')), 5000);\n    let errorText = await errorElement.getText();\n    expect(errorText).to.equal(\"Password must have at least 3 numbers\");",
              "err": {},
              "uuid": "92e41cb5-b02f-49d5-a774-a69cce3d5b67",
              "parentUUID": "b6085a39-48f9-4024-9622-1f2110757e7e",
              "isHook": false,
              "skipped": true
            },
            {
              "title": "should display error message when leaving email empty",
              "fullTitle": "Register tests should display error message when leaving email empty",
              "timedOut": false,
              "duration": 0,
              "state": null,
              "speed": null,
              "pass": false,
              "fail": false,
              "pending": false,
              "context": null,
              "code": "const Username= await driver.findElement(registerUsername);\n    const email= await driver.findElement(registerEmail);\n    const password=await driver.findElement(registerPassword);\n    const confirm_password=await driver.findElement(registerConfirm);\n    await Username.sendKeys('johnes._johnes');\n    \n    await password.sendKeys('password12');\n    await confirm_password.sendKeys('password12');\n    await registerSubmit.click();\n    let errorElement = await driver.wait(until.elementLocated(By.className('error-banner')), 5000);\n    let errorText = await errorElement.getText();\n    expect(errorText).to.equal(\"Registration failed.\");",
              "err": {},
              "uuid": "54096808-7f54-49e1-9fc0-c7ff9165c195",
              "parentUUID": "b6085a39-48f9-4024-9622-1f2110757e7e",
              "isHook": false,
              "skipped": true
            }
          ],
          "suites": [],
          "passes": [],
          "failures": [],
          "pending": [],
          "skipped": [
            "78360ec7-7912-4de4-ba03-3481b786308e",
            "17bbc375-6ffb-4400-9977-5a033b5e8605",
            "79fdd925-49f8-4065-946c-e81b4259a918",
            "c4a33f94-5b57-4b7b-a06e-3bc3e823eba6",
            "82e152bb-5240-4659-be10-9e3e687f3242",
            "92e41cb5-b02f-49d5-a774-a69cce3d5b67",
            "54096808-7f54-49e1-9fc0-c7ff9165c195"
          ],
          "duration": 0,
          "root": false,
          "rootEmpty": false,
          "_timeout": 100000
        },
        {
          "uuid": "10026e99-57e0-4a4e-8586-9da56cfb5756",
          "title": "EMS login unit tests",
          "fullFile": "C:\\Users\\abdu\\Desktop\\event project\\Frontend\\test\\end-to-end\\TC03_login.js",
          "file": "\\test\\end-to-end\\TC03_login.js",
          "beforeHooks": [
            {
              "title": "\"before all\" hook in \"EMS login unit tests\"",
              "fullTitle": "EMS login unit tests \"before all\" hook in \"EMS login unit tests\"",
              "timedOut": false,
              "duration": 2232,
              "state": null,
              "speed": null,
              "pass": false,
              "fail": false,
              "pending": false,
              "context": null,
              "code": "driver = await new Builder().forBrowser('chrome').build();",
              "err": {},
              "uuid": "4681fa57-74ea-4ee1-98a0-183816c4efd9",
              "parentUUID": "10026e99-57e0-4a4e-8586-9da56cfb5756",
              "isHook": true,
              "skipped": false
            },
            {
              "title": "\"before each\" hook in \"EMS login unit tests\"",
              "fullTitle": "EMS login unit tests \"before each\" hook in \"EMS login unit tests\"",
              "timedOut": false,
              "duration": 492,
              "state": null,
              "speed": null,
              "pass": false,
              "fail": false,
              "pending": false,
              "context": null,
              "code": "await driver.get(url);\nawait driver.wait(until.elementLocated(loginPage_Logo), 5000);",
              "err": {},
              "uuid": "12ad378f-f2d0-41ab-8548-3d3e5306cd5e",
              "parentUUID": "10026e99-57e0-4a4e-8586-9da56cfb5756",
              "isHook": true,
              "skipped": false
            }
          ],
          "afterHooks": [
            {
              "title": "\"after all\" hook in \"EMS login unit tests\"",
              "fullTitle": "EMS login unit tests \"after all\" hook in \"EMS login unit tests\"",
              "timedOut": false,
              "duration": 333,
              "state": null,
              "speed": null,
              "pass": false,
              "fail": false,
              "pending": false,
              "context": null,
              "code": "await driver.quit();",
              "err": {},
              "uuid": "6b144b42-9fb1-42f5-8fcd-67039a05e8ad",
              "parentUUID": "10026e99-57e0-4a4e-8586-9da56cfb5756",
              "isHook": true,
              "skipped": false
            }
          ],
          "tests": [
            {
              "title": "should login successfull (happy scenario)",
              "fullTitle": "EMS login unit tests should login successfull (happy scenario)",
              "timedOut": false,
              "duration": 1602,
              "state": "failed",
              "speed": null,
              "pass": false,
              "fail": true,
              "pending": false,
              "context": null,
              "code": "const title = await driver.getTitle();\nexpect(title).to.equal('React App');\nconst loginLogo = await driver.findElement(loginPage_Logo);\nconst loginButton = await driver.findElement(loginSubmit);\nconst email= await driver.findElement(EmailText);\nconst password=await driver.findElement(passwordText);\nawait email.sendKeys('john.doe@example.com');\nawait password.sendKeys('password123');\nawait loginButton.click();  \ndriver.wait(until.elementLocated(logOutButton));\nconst logoutbutton=await driver.findElement(logOutButton);\nconst logOutButtonDisplay= await logOutButton.isDisplayed();\nexpect(logOutButtonDisplay).to.be.true;\nconst postcard=await driver.findElements(postcards);\nexpect(postcard.length).to.be.at.least(1);",
              "err": {
                "message": "NoSuchElementError: no such element: Unable to locate element: {\"method\":\"xpath\",\"selector\":\"//*[@type=\"button\" and text()=\"Logout\"]\"}\n  (Session info: chrome=148.0.7778.217)",
                "estack": "NoSuchElementError: no such element: Unable to locate element: {\"method\":\"xpath\",\"selector\":\"//*[@type=\"button\" and text()=\"Logout\"]\"}\n  (Session info: chrome=148.0.7778.217)\n    at Object.throwDecodedError (node_modules\\selenium-webdriver\\lib\\error.js:523:15)\n    at parseHttpResponse (node_modules\\selenium-webdriver\\lib\\http.js:524:13)\n    at Executor.execute (node_modules\\selenium-webdriver\\lib\\http.js:456:28)\n    at process.processTicksAndRejections (node:internal/process/task_queues:105:5)\n    at async Driver.execute (node_modules\\selenium-webdriver\\lib\\webdriver.js:745:17)\n    at async Context.<anonymous> (file:///C:/Users/abdu/Desktop/event%20project/Frontend/test/end-to-end/TC03_login.js:40:24)",
                "diff": null
              },
              "uuid": "8c48b5bc-69a3-44e0-885a-eb336f234e67",
              "parentUUID": "10026e99-57e0-4a4e-8586-9da56cfb5756",
              "isHook": false,
              "skipped": false
            },
            {
              "title": "should show \"Invalid login credentials\" warning entering invalid email  ",
              "fullTitle": "EMS login unit tests should show \"Invalid login credentials\" warning entering invalid email  ",
              "timedOut": false,
              "duration": 805,
              "state": "failed",
              "speed": null,
              "pass": false,
              "fail": true,
              "pending": false,
              "context": null,
              "code": "const email= await driver.findElement(EmailText);\n const password=await driver.findElement(passwordText);\n const loginButton = await driver.findElement(loginSubmit);\n await email.sendKeys('jo');\n await password.sendKeys('password123');\n  await driver.wait(until.elementLocated(loginButton));\n await loginButton.click(); \n await driver.wait(until.alertIsPresent(), 10000);\n let alert = await driver.switchTo().alert();\n let alertText = await alert.getText();\n expect(alertText).to.equal(\"Invalid login credentials\");\n await alert.accept();\n const logoutbutton=await driver.findElement(logOutButton);\n const logOutButtonDisplay= await logOutButton.isDisplayed();\n expect(logOutButtonDisplay).to.be.false;",
              "err": {
                "message": "TypeError: Invalid locator",
                "estack": "TypeError: Invalid locator\n    at Object.check [as checkedLocator] (node_modules\\selenium-webdriver\\lib\\by.js:469:9)\n    at Object.elementLocated (node_modules\\selenium-webdriver\\lib\\until.js:231:16)\n    at Context.<anonymous> (file:///C:/Users/abdu/Desktop/event%20project/Frontend/test/end-to-end/TC03_login.js:53:32)\n    at process.processTicksAndRejections (node:internal/process/task_queues:105:5)",
                "diff": null
              },
              "uuid": "e927c290-3f92-4b47-9733-8c55bf719e59",
              "parentUUID": "10026e99-57e0-4a4e-8586-9da56cfb5756",
              "isHook": false,
              "skipped": false
            },
            {
              "title": "should show \"Invalid login credentials\" warning entering invalid password  ",
              "fullTitle": "EMS login unit tests should show \"Invalid login credentials\" warning entering invalid password  ",
              "timedOut": false,
              "duration": 1677,
              "state": "passed",
              "speed": "slow",
              "pass": true,
              "fail": false,
              "pending": false,
              "context": null,
              "code": "const email= await driver.findElement(EmailText);\n const password=await driver.findElement(passwordText);\n const loginButton = await driver.findElement(loginSubmit);\n await email.sendKeys('john.doe@example.com');\n await password.sendKeys('pas');\n await loginButton.click(); \n await driver.wait(until.alertIsPresent(), 10000);\n let alert = await driver.switchTo().alert();\n let alertText = await alert.getText();\n expect(alertText).to.equal(\"Invalid login credentials\");\n await alert.accept();\n const logoutButtons = await driver.findElements(logOutButton);\n expect(logoutButtons.length).to.equal(0);",
              "err": {},
              "uuid": "40ba2d60-d189-4d86-b8d7-b9352b3aef5b",
              "parentUUID": "10026e99-57e0-4a4e-8586-9da56cfb5756",
              "isHook": false,
              "skipped": false
            }
          ],
          "suites": [],
          "passes": [
            "40ba2d60-d189-4d86-b8d7-b9352b3aef5b"
          ],
          "failures": [
            "8c48b5bc-69a3-44e0-885a-eb336f234e67",
            "e927c290-3f92-4b47-9733-8c55bf719e59"
          ],
          "pending": [],
          "skipped": [],
          "duration": 4084,
          "root": false,
          "rootEmpty": false,
          "_timeout": 100000
        },
        {
          "uuid": "a9d33b7a-9f75-4d4c-87aa-dc9d14bd8e80",
          "title": "RSVP functionality",
          "fullFile": "C:\\Users\\abdu\\Desktop\\event project\\Frontend\\test\\end-to-end\\TC04_User.js",
          "file": "\\test\\end-to-end\\TC04_User.js",
          "beforeHooks": [
            {
              "title": "\"before all\" hook in \"RSVP functionality\"",
              "fullTitle": "RSVP functionality \"before all\" hook in \"RSVP functionality\"",
              "timedOut": false,
              "duration": 11270,
              "state": null,
              "speed": null,
              "pass": false,
              "fail": false,
              "pending": false,
              "context": null,
              "code": "driver = await new Builder().forBrowser('chrome').build();\nawait driver.get(url);\nawait driver.wait(until.elementLocated(loginPage_Logo), 5000);\nconst login = await driver.findElement(loginSubmit);\nconst email= await driver.findElement(EmailText);\nconst password=await driver.findElement(passwordText);\nawait email.sendKeys('john.doe234@example.com');\nawait password.sendKeys('characters1234');\nawait login.click();  \n     await driver.wait(until.elementLocated(postcards), 5000);",
              "err": {},
              "uuid": "6544eff1-8b9f-491a-a148-81329c5084eb",
              "parentUUID": "a9d33b7a-9f75-4d4c-87aa-dc9d14bd8e80",
              "isHook": true,
              "skipped": false
            },
            {
              "title": "\"before each\" hook in \"RSVP functionality\"",
              "fullTitle": "RSVP functionality \"before each\" hook in \"RSVP functionality\"",
              "timedOut": false,
              "duration": 32,
              "state": null,
              "speed": null,
              "pass": false,
              "fail": false,
              "pending": false,
              "context": null,
              "code": "await driver.wait(until.elementLocated(postcards), 5000);",
              "err": {},
              "uuid": "6448cc95-87ee-427a-871e-0adc24b2101a",
              "parentUUID": "a9d33b7a-9f75-4d4c-87aa-dc9d14bd8e80",
              "isHook": true,
              "skipped": false
            }
          ],
          "afterHooks": [
            {
              "title": "\"after all\" hook in \"RSVP functionality\"",
              "fullTitle": "RSVP functionality \"after all\" hook in \"RSVP functionality\"",
              "timedOut": false,
              "duration": 405,
              "state": null,
              "speed": null,
              "pass": false,
              "fail": false,
              "pending": false,
              "context": null,
              "code": "await driver.quit();",
              "err": {},
              "uuid": "794893cf-ff03-4a65-9591-15bd870ae810",
              "parentUUID": "a9d33b7a-9f75-4d4c-87aa-dc9d14bd8e80",
              "isHook": true,
              "skipped": false
            }
          ],
          "tests": [
            {
              "title": " should test RSVP Button is clickable ",
              "fullTitle": "RSVP functionality  should test RSVP Button is clickable ",
              "timedOut": false,
              "duration": 865,
              "state": "failed",
              "speed": null,
              "pass": false,
              "fail": true,
              "pending": false,
              "context": null,
              "code": "const postcard=await driver.findElements(postcards);\nconst firstCardRSVPbUTTON=await postcard[0].findElement(RSVPbutton);\nawait firstCardRSVPbUTTON.click(); \n     await driver.wait(\n    async () => {\nconst messages = await postcard[0].findElements(cardRSVPED);\nreturn messages.length > 0;\n    }, \n    5000,\n    \"RSVP message did not appear within 5 seconds\"\n  );\nconst RSVP_Message = await postcard[0].findElement(cardRSVPED);\nconst RSVP_button=await postcard[0].findElements(RSVPbutton);\nconst messageIsDisplayed = await RSVP_Message.isDisplayed();\n     \nexpect(messageIsDisplayed).to.be.true;\nexpect(RSVP_button.length).to.equal(0);",
              "err": {
                "message": "AssertionError: expected 19 to equal +0",
                "estack": "AssertionError: expected 19 to equal +0\n    at Context.<anonymous> (file:///C:/Users/abdu/Desktop/event%20project/Frontend/test/end-to-end/TC04_User.js:55:37)\n    at process.processTicksAndRejections (node:internal/process/task_queues:105:5)",
                "diff": "- 19\n+ 0\n"
              },
              "uuid": "0d7e8307-80b7-4257-8a37-b3db1eb76e1f",
              "parentUUID": "a9d33b7a-9f75-4d4c-87aa-dc9d14bd8e80",
              "isHook": false,
              "skipped": false
            },
            {
              "title": "should validate date of Event",
              "fullTitle": "RSVP functionality should validate date of Event",
              "timedOut": false,
              "duration": 106,
              "state": "failed",
              "speed": null,
              "pass": false,
              "fail": true,
              "pending": false,
              "context": null,
              "code": "const dateText = await driver.findElements(By.xpath('//div[contains(@class, \"MuiCard-root\")]//h6[2]'));\n//  Convert strings to Date objects\n\nconst cutoffDate = new Date('2025-12-31');\nconst futureDate = new Date('2030-12-31');\nfor(let i =0;i<dateText.length;i++){\nconst date =await dateText[i].getText();\nconst actualDate = new Date(date);\nexpect(actualDate.getTime()).to.be.above(cutoffDate.getTime());\nexpect(actualDate.getTime()).to.be.below(futureDate.getTime());\n}",
              "err": {
                "message": "AssertionError: expected 897264000000 to be above 1767139200000",
                "estack": "AssertionError: expected 897264000000 to be above 1767139200000\n    at Context.<anonymous> (file:///C:/Users/abdu/Desktop/event%20project/Frontend/test/end-to-end/TC04_User.js:68:42)\n    at process.processTicksAndRejections (node:internal/process/task_queues:105:5)",
                "diff": "- 897264000000\n+ 1767139200000\n"
              },
              "uuid": "80dd09b0-0c2f-43d4-a477-62a33442fb51",
              "parentUUID": "a9d33b7a-9f75-4d4c-87aa-dc9d14bd8e80",
              "isHook": false,
              "skipped": false
            },
            {
              "title": "should validate Event description is visible",
              "fullTitle": "RSVP functionality should validate Event description is visible",
              "timedOut": false,
              "duration": 522,
              "state": "passed",
              "speed": "slow",
              "pass": true,
              "fail": false,
              "pending": false,
              "context": null,
              "code": "const eventDescription = await driver.findElements(By.xpath('//div[contains(@class, \"MuiCard-root\")]//p[1]'));\nfor(let i=0;i<eventDescription.length;i++){\n  const eventDisplayed = await eventDescription[i].isDisplayed();\n  expect(eventDisplayed).to.be.true;\n}",
              "err": {},
              "uuid": "f49bee07-3ccc-4864-bed1-5eae0f361a34",
              "parentUUID": "a9d33b7a-9f75-4d4c-87aa-dc9d14bd8e80",
              "isHook": false,
              "skipped": false
            }
          ],
          "suites": [],
          "passes": [
            "f49bee07-3ccc-4864-bed1-5eae0f361a34"
          ],
          "failures": [
            "0d7e8307-80b7-4257-8a37-b3db1eb76e1f",
            "80dd09b0-0c2f-43d4-a477-62a33442fb51"
          ],
          "pending": [],
          "skipped": [],
          "duration": 1493,
          "root": false,
          "rootEmpty": false,
          "_timeout": 100000
        }
      ],
      "passes": [],
      "failures": [],
      "pending": [],
      "skipped": [],
      "duration": 0,
      "root": true,
      "rootEmpty": true,
      "_timeout": 100000
    }
  ],
  "meta": {
    "mocha": {
      "version": "11.7.1"
    },
    "mochawesome": {
      "options": {
        "quiet": false,
        "reportFilename": "index",
        "saveHtml": true,
        "saveJson": true,
        "consoleReporter": "spec",
        "useInlineDiffs": false,
        "code": true
      },
      "version": "7.1.4"
    },
    "marge": {
      "options": {
        "reportDir": "mochawesome-report",
        "reportFilename": "index"
      },
      "version": "6.3.2"
    }
  }
}